<?xml version="1.0" encoding="UTF-8"?>
<!-- Generated by org.testng.reporters.JUnitReportReporter -->
<testsuite hostname="localhost.localdomain" name="com.yahoo.ycsb.workloads.TestCoreWorkload" tests="3" failures="0" timestamp="29 Jul 2019 09:20:56 GMT" time="0.054" errors="0">
  <testcase name="testCassandraTwitterRYW" time="0.031" classname="com.yahoo.ycsb.workloads.TestCoreWorkload"/>
  <testcase name="createOperationChooser" time="0.023" classname="com.yahoo.ycsb.workloads.TestCoreWorkload"/>
  <testcase name="createOperationChooserNullProperties" time="0.000" classname="com.yahoo.ycsb.workloads.TestCoreWorkload"/>
</testsuite>
