<?xml version="1.0" encoding="UTF-8"?>
<!-- Generated by org.testng.reporters.JUnitReportReporter -->
<testsuite hostname="localhost.localdomain" name="com.yahoo.ycsb.generator.TestRandomDiscreteTimestampGenerator" tests="3" failures="0" timestamp="29 Jul 2019 09:20:56 GMT" time="0.167" errors="0">
  <testcase name="systemTime" time="0.000" classname="com.yahoo.ycsb.generator.TestRandomDiscreteTimestampGenerator"/>
  <testcase name="withStartTime" time="0.001" classname="com.yahoo.ycsb.generator.TestRandomDiscreteTimestampGenerator"/>
  <testcase name="tooLarge" time="0.166" classname="com.yahoo.ycsb.generator.TestRandomDiscreteTimestampGenerator"/>
</testsuite>
