<?xml version="1.0" encoding="UTF-8"?>
<!-- Generated by org.testng.reporters.JUnitReportReporter -->
<testsuite hostname="localhost.localdomain" name="com.yahoo.ycsb.workloads.TestTimeSeriesWorkload" tests="13" failures="0" timestamp="29 Jul 2019 09:20:56 GMT" time="0.093" errors="0">
  <testcase name="read" time="0.000" classname="com.yahoo.ycsb.workloads.TestTimeSeriesWorkload"/>
  <testcase name="verifyRow" time="0.051" classname="com.yahoo.ycsb.workloads.TestTimeSeriesWorkload"/>
  <testcase name="badTimeUnit" time="0.001" classname="com.yahoo.ycsb.workloads.TestTimeSeriesWorkload"/>
  <testcase name="insertTwoKeysTwoTagsLowCardinality" time="0.001" classname="com.yahoo.ycsb.workloads.TestTimeSeriesWorkload"/>
  <testcase name="insertOneKeyTwoTagsLowCardinality" time="0.009" classname="com.yahoo.ycsb.workloads.TestTimeSeriesWorkload"/>
  <testcase name="validateSettingsDataIntegrity" time="0.002" classname="com.yahoo.ycsb.workloads.TestTimeSeriesWorkload"/>
  <testcase name="failedToInitThread" time="0.002" classname="com.yahoo.ycsb.workloads.TestTimeSeriesWorkload"/>
  <testcase name="failedToInitWorkloadBeforeThreadInit" time="0.000" classname="com.yahoo.ycsb.workloads.TestTimeSeriesWorkload"/>
  <testcase name="insertOneKeyOneTagCardinalityOne" time="0.003" classname="com.yahoo.ycsb.workloads.TestTimeSeriesWorkload"/>
  <testcase name="insertWithValidation" time="0.017" classname="com.yahoo.ycsb.workloads.TestTimeSeriesWorkload"/>
  <testcase name="twoThreads" time="0.002" classname="com.yahoo.ycsb.workloads.TestTimeSeriesWorkload"/>
  <testcase name="insertTwoKeysTwoThreads" time="0.003" classname="com.yahoo.ycsb.workloads.TestTimeSeriesWorkload"/>
  <testcase name="insertThreeKeysTwoThreads" time="0.002" classname="com.yahoo.ycsb.workloads.TestTimeSeriesWorkload"/>
</testsuite>
