<?xml version="1.0" encoding="UTF-8"?>
<!-- Generated by org.testng.reporters.JUnitReportReporter -->
<testsuite hostname="XuServer001" name="com.yahoo.ycsb.TestUtils" tests="6" failures="0" timestamp="10 Dec 2018 06:00:39 GMT" time="0.003" errors="0">
  <testcase name="bytesToLongTooShort" time="0.000" classname="com.yahoo.ycsb.TestUtils"/>
  <testcase name="bytesToDoubleTooShort" time="0.000" classname="com.yahoo.ycsb.TestUtils"/>
  <testcase name="jvmUtils" time="0.003" classname="com.yahoo.ycsb.TestUtils"/>
  <testcase name="bytesToLongNull" time="0.000" classname="com.yahoo.ycsb.TestUtils"/>
  <testcase name="bytesToFromLong" time="0.000" classname="com.yahoo.ycsb.TestUtils"/>
  <testcase name="bytesToFromDouble" time="0.000" classname="com.yahoo.ycsb.TestUtils"/>
</testsuite>
