<?xml version="1.0" encoding="UTF-8"?>
<!-- Generated by org.testng.reporters.JUnitReportReporter -->
<testsuite hostname="localhost.localdomain" name="com.yahoo.ycsb.TestNumericByteIterator" tests="2" failures="0" timestamp="29 Jul 2019 06:48:52 GMT" time="0.001" errors="0">
  <testcase name="testDouble" time="0.001" classname="com.yahoo.ycsb.TestNumericByteIterator"/>
  <testcase name="testLong" time="0.000" classname="com.yahoo.ycsb.TestNumericByteIterator"/>
</testsuite>
