<?xml version="1.0" encoding="UTF-8"?>
<!-- Generated by org.testng.reporters.JUnitReportReporter -->
<testsuite hostname="XuServer001" name="com.yahoo.ycsb.TestStatus" tests="1" failures="0" timestamp="10 Dec 2018 06:00:39 GMT" time="0.002" errors="0">
  <testcase name="testAcceptableStatus" time="0.002" classname="com.yahoo.ycsb.TestStatus"/>
</testsuite>
