<?xml version="1.0" encoding="UTF-8"?>
<!-- Generated by org.testng.reporters.JUnitReportReporter -->
<testsuite hostname="XuServer001" name="com.yahoo.ycsb.TestNumericByteIterator" tests="2" failures="0" timestamp="10 Dec 2018 06:00:39 GMT" time="0.002" errors="0">
  <testcase name="testDouble" time="0.001" classname="com.yahoo.ycsb.TestNumericByteIterator"/>
  <testcase name="testLong" time="0.001" classname="com.yahoo.ycsb.TestNumericByteIterator"/>
</testsuite>
