<?xml version="1.0" encoding="UTF-8"?>
<!-- Generated by org.testng.reporters.JUnitReportReporter -->
<testsuite hostname="localhost.localdomain" name="com.yahoo.ycsb.TestStatus" tests="1" failures="0" timestamp="29 Jul 2019 06:48:52 GMT" time="0.002" errors="0">
  <testcase name="testAcceptableStatus" time="0.002" classname="com.yahoo.ycsb.TestStatus"/>
</testsuite>
