<?xml version="1.0" encoding="UTF-8"?>
<!-- Generated by org.testng.reporters.JUnitReportReporter -->
<testsuite hostname="localhost.localdomain" name="com.yahoo.ycsb.generator.TestZipfianGenerator" tests="1" failures="0" timestamp="29 Jul 2019 09:20:56 GMT" time="0.022" errors="0">
  <testcase name="testMinAndMaxParameter" time="0.022" classname="com.yahoo.ycsb.generator.TestZipfianGenerator"/>
</testsuite>
