<?xml version="1.0" encoding="UTF-8"?>
<!-- Generated by org.testng.reporters.JUnitReportReporter -->
<testsuite hostname="XuServer001" name="com.yahoo.ycsb.generator.TestZipfianGenerator" tests="1" failures="0" timestamp="10 Dec 2018 06:00:39 GMT" time="0.005" errors="0">
  <testcase name="testMinAndMaxParameter" time="0.005" classname="com.yahoo.ycsb.generator.TestZipfianGenerator"/>
</testsuite>
