<?xml version="1.0" encoding="UTF-8"?>
<!-- Generated by org.testng.reporters.JUnitReportReporter -->
<testsuite hostname="localhost.localdomain" name="com.yahoo.ycsb.TestUtils" tests="6" failures="0" timestamp="29 Jul 2019 06:48:52 GMT" time="0.161" errors="0">
  <testcase name="bytesToDoubleTooShort" time="0.000" classname="com.yahoo.ycsb.TestUtils"/>
  <testcase name="jvmUtils" time="0.160" classname="com.yahoo.ycsb.TestUtils"/>
  <testcase name="bytesToFromDouble" time="0.000" classname="com.yahoo.ycsb.TestUtils"/>
  <testcase name="bytesToLongNull" time="0.001" classname="com.yahoo.ycsb.TestUtils"/>
  <testcase name="bytesToLongTooShort" time="0.000" classname="com.yahoo.ycsb.TestUtils"/>
  <testcase name="bytesToFromLong" time="0.000" classname="com.yahoo.ycsb.TestUtils"/>
</testsuite>
