<?xml version="1.0" encoding="UTF-8"?>
<!-- Generated by org.testng.reporters.JUnitReportReporter -->
<testsuite hostname="XuServer001" name="com.yahoo.ycsb.workloads.TestTimeSeriesWorkload" tests="13" failures="0" timestamp="10 Dec 2018 06:00:39 GMT" time="0.022" errors="0">
  <testcase name="insertTwoKeysTwoThreads" time="0.002" classname="com.yahoo.ycsb.workloads.TestTimeSeriesWorkload"/>
  <testcase name="failedToInitWorkloadBeforeThreadInit" time="0.000" classname="com.yahoo.ycsb.workloads.TestTimeSeriesWorkload"/>
  <testcase name="insertOneKeyTwoTagsLowCardinality" time="0.001" classname="com.yahoo.ycsb.workloads.TestTimeSeriesWorkload"/>
  <testcase name="insertTwoKeysTwoTagsLowCardinality" time="0.001" classname="com.yahoo.ycsb.workloads.TestTimeSeriesWorkload"/>
  <testcase name="verifyRow" time="0.009" classname="com.yahoo.ycsb.workloads.TestTimeSeriesWorkload"/>
  <testcase name="read" time="0.000" classname="com.yahoo.ycsb.workloads.TestTimeSeriesWorkload"/>
  <testcase name="validateSettingsDataIntegrity" time="0.001" classname="com.yahoo.ycsb.workloads.TestTimeSeriesWorkload"/>
  <testcase name="insertWithValidation" time="0.002" classname="com.yahoo.ycsb.workloads.TestTimeSeriesWorkload"/>
  <testcase name="insertThreeKeysTwoThreads" time="0.001" classname="com.yahoo.ycsb.workloads.TestTimeSeriesWorkload"/>
  <testcase name="failedToInitThread" time="0.001" classname="com.yahoo.ycsb.workloads.TestTimeSeriesWorkload"/>
  <testcase name="insertOneKeyOneTagCardinalityOne" time="0.002" classname="com.yahoo.ycsb.workloads.TestTimeSeriesWorkload"/>
  <testcase name="twoThreads" time="0.001" classname="com.yahoo.ycsb.workloads.TestTimeSeriesWorkload"/>
  <testcase name="badTimeUnit" time="0.001" classname="com.yahoo.ycsb.workloads.TestTimeSeriesWorkload"/>
</testsuite>
